

Microchip Technology PIC18 LITE Macro Assembler V1.41 build -162212810 
                                                                                               Wed Mar 28 12:46:47 2018

Microchip Technology Omniscient Code Generator v1.41 (Free mode) build 201701250102
     1                           	processor	18F4550
     2                           	fnconf	rparam,??,?,0
     3                           	opt	pw 120
     4                           	opt	lm
     5                           	psect	cinit,global,reloc=2,class=CODE,delta=1
     6                           	psect	cstackCOMRAM,global,class=COMRAM,space=1,delta=1,noexec
     7                           	psect	text0,global,reloc=2,class=CODE,delta=1
     8                           	psect	intsave_regs,global,class=BIGRAM,space=1,delta=1,noexec
     9                           	psect	rparam,global,class=COMRAM,space=1,delta=1,noexec
    10  0000                     
    11                           ; Version 1.41
    12                           ; Generated 25/01/2017 GMT
    13                           ; 
    14                           ; Copyright © 2017, Microchip Technology Inc. and its subsidiaries ("Microchip")
    15                           ; All rights reserved.
    16                           ; 
    17                           ; This software is developed by Microchip Technology Inc. and its subsidiaries ("Microch
      +                          ip").
    18                           ; 
    19                           ; Redistribution and use in source and binary forms, with or without modification, are
    20                           ; permitted provided that the following conditions are met:
    21                           ; 
    22                           ;     1. Redistributions of source code must retain the above copyright notice, this lis
      +                          t of
    23                           ;        conditions and the following disclaimer.
    24                           ; 
    25                           ;     2. Redistributions in binary form must reproduce the above copyright notice, this 
      +                          list
    26                           ;        of conditions and the following disclaimer in the documentation and/or other
    27                           ;        materials provided with the distribution.
    28                           ; 
    29                           ;     3. Microchip's name may not be used to endorse or promote products derived from th
      +                          is
    30                           ;        software without specific prior written permission.
    31                           ; 
    32                           ; THIS SOFTWARE IS PROVIDED BY MICROCHIP "AS IS" AND ANY EXPRESS OR IMPLIED WARRANTIES,
    33                           ; INCLUDING, BUT NOT LIMITED TO, THE IMPLIED WARRANTIES OF MERCHANTABILITY AND FITNESS F
      +                          OR
    34                           ; PURPOSE ARE DISCLAIMED.  IN NO EVENT SHALL MICROCHIP BE LIABLE FOR ANY DIRECT, INDIREC
      +                          T,
    35                           ; INCIDENTAL, SPECIAL, EXEMPLARY, OR CONSEQUENTIAL DAMAGES (INCLUDING BUT NOT LIMITED TO
    36                           ; PROCUREMENT OF SUBSTITUTE GOODS OR SERVICES; LOSS OF USE, DATA OR PROFITS; OR BUSINESS
    37                           ; INTERRUPTION) HOWSOEVER CAUSED AND ON ANY THEORY OF LIABILITY, WHETHER IN CONTRACT, ST
      +                          RICT
    38                           ; LIABILITY, OR TORT (INCLUDING NEGLIGENCE OR OTHERWISE) ARISING IN ANY WAY OUT OF THE U
      +                          SE OF
    39                           ; THIS SOFTWARE, EVEN IF ADVISED OF THE POSSIBILITY OF SUCH DAMAGE.
    40                           ; 
    41                           ; 
    42                           ; Code-generator required, PIC18F4550 Definitions
    43                           ; 
    44                           ; SFR Addresses
    45  0000                     _TMR0	set	4054
    46  0000                     _PORTCbits	set	3970
    47  0000                     _INTCONbits	set	4082
    48  0000                     _T0CONbits	set	4053
    49  0000                     _TRISCbits	set	3988
    50  0000                     _TRISC	set	3988
    51                           
    52                           ; #config settings
    53  0000                     
    54                           	psect	cinit
    55  007FA0                     __pcinit:
    56                           	opt stack 0
    57  007FA0                     start_initialization:
    58                           	opt stack 0
    59  007FA0                     __initialization:
    60                           	opt stack 0
    61  007FA0                     end_of_initialization:
    62                           	opt stack 0
    63  007FA0                     __end_of__initialization:
    64                           	opt stack 0
    65  007FA0  0100               	movlb	0
    66  007FA2  EFD3  F03F         	goto	_main	;jump to C main() function
    67                           
    68                           	psect	cstackCOMRAM
    69  000001                     __pcstackCOMRAM:
    70                           	opt stack 0
    71  000001                     main@cont:
    72                           	opt stack 0
    73                           
    74                           ; 1 bytes @ 0x0
    75  000001                     	ds	1
    76                           
    77 ;;
    78 ;;Main: autosize = 0, tempsize = 0, incstack = 0, save=0
    79 ;;
    80 ;; *************** function _main *****************
    81 ;; Defined at:
    82 ;;		line 14 in file "main.c"
    83 ;; Parameters:    Size  Location     Type
    84 ;;		None
    85 ;; Auto vars:     Size  Location     Type
    86 ;;  cont            1    0[COMRAM] unsigned char 
    87 ;; Return value:  Size  Location     Type
    88 ;;                  1    wreg      void 
    89 ;; Registers used:
    90 ;;		wreg, status,2, status,0
    91 ;; Tracked objects:
    92 ;;		On entry : 0/0
    93 ;;		On exit  : 0/0
    94 ;;		Unchanged: 0/0
    95 ;; Data sizes:     COMRAM   BANK0   BANK1   BANK2   BANK3   BANK4   BANK5   BANK6   BANK7
    96 ;;      Params:         0       0       0       0       0       0       0       0       0
    97 ;;      Locals:         1       0       0       0       0       0       0       0       0
    98 ;;      Temps:          0       0       0       0       0       0       0       0       0
    99 ;;      Totals:         1       0       0       0       0       0       0       0       0
   100 ;;Total ram usage:        1 bytes
   101 ;; This function calls:
   102 ;;		Nothing
   103 ;; This function is called by:
   104 ;;		Startup code after reset
   105 ;; This function uses a non-reentrant model
   106 ;;
   107                           
   108                           	psect	text0
   109  007FA6                     __ptext0:
   110                           	opt stack 0
   111  007FA6                     _main:
   112                           	opt stack 31
   113                           
   114                           ;main.c: 15: TRISC = 0b00000010;
   115                           
   116                           ;incstack = 0
   117  007FA6  0E02               	movlw	2
   118  007FA8  6E94               	movwf	3988,c	;volatile
   119                           
   120                           ;main.c: 16: TRISCbits.TRISC1 = 1;
   121  007FAA  8294               	bsf	3988,1,c	;volatile
   122                           
   123                           ;main.c: 18: char cont = 0;
   124  007FAC  0E00               	movlw	0
   125  007FAE  6E01               	movwf	main@cont,c
   126                           
   127                           ;main.c: 20: T0CONbits.TMR0ON = 0;
   128  007FB0  9ED5               	bcf	4053,7,c	;volatile
   129                           
   130                           ;main.c: 21: INTCONbits.TMR0IE = 1;
   131  007FB2  8AF2               	bsf	intcon,5,c	;volatile
   132                           
   133                           ;main.c: 22: INTCONbits.TMR0IF = 0;
   134  007FB4  94F2               	bcf	intcon,2,c	;volatile
   135                           
   136                           ;main.c: 23: T0CONbits.T08BIT = 0;
   137  007FB6  9CD5               	bcf	4053,6,c	;volatile
   138                           
   139                           ;main.c: 24: T0CONbits.PSA = 0;
   140  007FB8  96D5               	bcf	4053,3,c	;volatile
   141                           
   142                           ;main.c: 25: T0CONbits.T0PS0 = 0;
   143  007FBA  90D5               	bcf	4053,0,c	;volatile
   144                           
   145                           ;main.c: 26: T0CONbits.T0PS1 = 1;
   146  007FBC  82D5               	bsf	4053,1,c	;volatile
   147                           
   148                           ;main.c: 27: T0CONbits.T0PS2 = 1;
   149  007FBE  84D5               	bsf	4053,2,c	;volatile
   150                           
   151                           ;main.c: 28: T0CONbits.T0CS = 0;
   152  007FC0  9AD5               	bcf	4053,5,c	;volatile
   153                           
   154                           ;main.c: 30: TMR0 = 26474;
   155  007FC2  0E67               	movlw	103
   156  007FC4  6ED7               	movwf	4055,c	;volatile
   157  007FC6  0E6A               	movlw	106
   158  007FC8  6ED6               	movwf	4054,c	;volatile
   159                           
   160                           ;main.c: 32: T0CONbits.TMR0ON = 1;
   161  007FCA  8ED5               	bsf	4053,7,c	;volatile
   162  007FCC                     l647:
   163                           
   164                           ;main.c: 38: if(INTCONbits.TMR0IF == 1){
   165  007FCC  A4F2               	btfss	intcon,2,c	;volatile
   166  007FCE  D7FE               	goto	l647
   167                           
   168                           ;main.c: 40: if(PORTCbits.RC1 == 1){
   169  007FD0  A282               	btfss	3970,1,c	;volatile
   170  007FD2  D00B               	goto	l17
   171                           
   172                           ;main.c: 41: cont++;
   173  007FD4  2A01               	incf	main@cont,f,c
   174                           
   175                           ;main.c: 42: if(PORTCbits.RC0 == 0 && cont == 3){
   176  007FD6  B082               	btfsc	3970,0,c	;volatile
   177  007FD8  D00C               	goto	l21
   178  007FDA  0E03               	movlw	3
   179  007FDC  1801               	xorwf	main@cont,w,c
   180  007FDE  A4D8               	btfss	status,2,c
   181  007FE0  D008               	goto	l21
   182                           
   183                           ;main.c: 43: PORTCbits.RC0 = 1;
   184  007FE2  8082               	bsf	3970,0,c	;volatile
   185                           
   186                           ;main.c: 44: cont = 0;
   187  007FE4  0E00               	movlw	0
   188  007FE6  6E01               	movwf	main@cont,c
   189                           
   190                           ;main.c: 45: }else{
   191  007FE8  D005               	goto	l663
   192  007FEA                     l17:
   193                           
   194                           ;main.c: 49: else{
   195                           ;main.c: 50: if(PORTCbits.RC0 == 0){
   196  007FEA  B082               	btfsc	3970,0,c	;volatile
   197  007FEC  D002               	goto	l21
   198                           
   199                           ;main.c: 51: PORTCbits.RC0 = 1;
   200  007FEE  8082               	bsf	3970,0,c	;volatile
   201                           
   202                           ;main.c: 53: }else{
   203  007FF0  D001               	goto	l663
   204  007FF2                     l21:
   205                           
   206                           ;main.c: 54: PORTCbits.RC0 = 0;
   207  007FF2  9082               	bcf	3970,0,c	;volatile
   208  007FF4                     l663:
   209                           
   210                           ;main.c: 55: }
   211                           ;main.c: 56: }
   212                           ;main.c: 58: TMR0 = 26474;
   213  007FF4  0E67               	movlw	103
   214  007FF6  6ED7               	movwf	4055,c	;volatile
   215  007FF8  0E6A               	movlw	106
   216  007FFA  6ED6               	movwf	4054,c	;volatile
   217                           
   218                           ;main.c: 59: INTCONbits.TMR0IF = 0;
   219  007FFC  94F2               	bcf	intcon,2,c	;volatile
   220  007FFE  D7E6               	goto	l647
   221  008000                     __end_of_main:
   222                           	opt stack 0
   223  0000                     intcon	equ	0xFF2
   224                           status	equ	0xFD8
   225                           intcon	equ	0xFF2
   226                           status	equ	0xFD8
   227                           
   228                           	psect	rparam
   229  0000                     intcon	equ	0xFF2
   230                           status	equ	0xFD8


Data Sizes:
    Strings     0
    Constant    0
    Data        0
    BSS         0
    Persistent  0
    Stack       0

Auto Spaces:
    Space          Size  Autos    Used
    COMRAM           95      1       1
    BANK0           160      0       0
    BANK1           256      0       0
    BANK2           256      0       0
    BANK3           256      0       0
    BANK4           256      0       0
    BANK5           256      0       0
    BANK6           256      0       0
    BANK7           256      0       0

Pointer List with Targets:

    None.

Critical Paths under _main in COMRAM

    None.

Critical Paths under _main in BANK0

    None.

Critical Paths under _main in BANK1

    None.

Critical Paths under _main in BANK2

    None.

Critical Paths under _main in BANK3

    None.

Critical Paths under _main in BANK4

    None.

Critical Paths under _main in BANK5

    None.

Critical Paths under _main in BANK6

    None.

Critical Paths under _main in BANK7

    None.

Call Graph Tables:

 ---------------------------------------------------------------------------------
 (Depth) Function   	        Calls       Base Space   Used Autos Params    Refs
 ---------------------------------------------------------------------------------
 (0) _main                                                 1     1      0      15
                                              0 COMRAM     1     1      0
 ---------------------------------------------------------------------------------
 Estimated maximum stack depth 0
 ---------------------------------------------------------------------------------

 Call Graph Graphs:

 _main (ROOT)

 Address spaces:
Name               Size   Autos  Total    Cost      Usage
BITCOMRAM           5F      0       0       0        0.0%
EEDATA             100      0       0       0        0.0%
NULL                 0      0       0       0        0.0%
CODE                 0      0       0       0        0.0%
COMRAM              5F      1       1       1        1.1%
STACK                0      0       0       2        0.0%
DATA                 0      0       0       3        0.0%
BITBANK0            A0      0       0       4        0.0%
BANK0               A0      0       0       5        0.0%
BITBANK1           100      0       0       6        0.0%
BANK1              100      0       0       7        0.0%
BITBANK2           100      0       0       8        0.0%
BANK2              100      0       0       9        0.0%
BITBANK3           100      0       0      10        0.0%
BANK3              100      0       0      11        0.0%
BITBANK4           100      0       0      12        0.0%
BANK4              100      0       0      13        0.0%
BITBANK5           100      0       0      14        0.0%
BANK5              100      0       0      15        0.0%
BITBANK6           100      0       0      16        0.0%
BANK6              100      0       0      17        0.0%
BITBANK7           100      0       0      18        0.0%
BANK7              100      0       0      19        0.0%
ABS                  0      0       0      20        0.0%
BIGRAM             7FF      0       0      21        0.0%
BITSFR               0      0       0     200        0.0%
SFR                  0      0       0     200        0.0%


Microchip Technology PIC18 Macro Assembler V1.41 build -162212810 
Symbol Table                                                                                   Wed Mar 28 12:46:47 2018

                     l21 7FF2                       l17 7FEA                      l663 7FF4  
                    l647 7FCC             __CFG_WDT$OFF 000000                     _TMR0 000FD6  
                   _main 7FA6                     start 0000             ___param_bank 000000  
                  ?_main 0001                    _TRISC 000F94                    status 000FD8  
        __initialization 7FA0             __end_of_main 8000                   ??_main 0001  
          __activetblptr 000000               __accesstop 0060  __end_of__initialization 7FA0  
          ___rparam_used 000001           __pcstackCOMRAM 0001                  __Hparam 0000  
                __Lparam 0000                  __pcinit 7FA0                  __ramtop 0800  
                __ptext0 7FA6                _T0CONbits 000FD5     end_of_initialization 7FA0  
              _PORTCbits 000F82                _TRISCbits 000F94      start_initialization 7FA0  
               __Hrparam 0000                 __Lrparam 0000            __size_of_main 005A  
               main@cont 0001               _INTCONbits 000FF2  
